<?xml version="1.0" encoding="UTF-8"?>
<!-- Generated by org.testng.reporters.JUnitReportReporter -->
<testsuite skipped="0" hostname="DESKTOP-7QGORH5" name="MagentoTest" tests="1" failures="0" timestamp="21 Jan 2019 17:10:00 GMT" time="180.086" errors="0">
  <testcase name="magento" time="180.086" classname="MagentoTest"/>
</testsuite> <!-- MagentoTest -->
